<?xml version="1.0" encoding="UTF-8"?>
<testsuite xmlns:xsi="http://www.w3.org/2001/XMLSchema-instance" xsi:noNamespaceSchemaLocation="https://maven.apache.org/surefire/maven-surefire-plugin/xsd/surefire-test-report.xsd" name="com.mashibing.spring_design_pattern.SpringDesignPatternApplicationTests" time="3.77" tests="1" errors="0" skipped="0" failures="0">
  <properties>
    <property name="sun.desktop" value="windows"/>
    <property name="awt.toolkit" value="sun.awt.windows.WToolkit"/>
    <property name="java.specification.version" value="11"/>
    <property name="sun.cpu.isalist" value="amd64"/>
    <property name="sun.jnu.encoding" value="GBK"/>
    <property name="java.class.path" value="I:\MSB\msb_work\frame_design_pattern\spring_design_pattern\target\test-classes;I:\MSB\msb_work\frame_design_pattern\spring_design_pattern\target\classes;H:\software\repository\org\springframework\boot\spring-boot-starter-web\2.3.4.RELEASE\spring-boot-starter-web-2.3.4.RELEASE.jar;H:\software\repository\org\springframework\boot\spring-boot-starter\2.3.4.RELEASE\spring-boot-starter-2.3.4.RELEASE.jar;H:\software\repository\org\springframework\boot\spring-boot\2.3.4.RELEASE\spring-boot-2.3.4.RELEASE.jar;H:\software\repository\org\springframework\boot\spring-boot-autoconfigure\2.3.4.RELEASE\spring-boot-autoconfigure-2.3.4.RELEASE.jar;H:\software\repository\org\springframework\boot\spring-boot-starter-logging\2.3.4.RELEASE\spring-boot-starter-logging-2.3.4.RELEASE.jar;H:\software\repository\ch\qos\logback\logback-classic\1.2.3\logback-classic-1.2.3.jar;H:\software\repository\ch\qos\logback\logback-core\1.2.3\logback-core-1.2.3.jar;H:\software\repository\org\apache\logging\log4j\log4j-to-slf4j\2.13.3\log4j-to-slf4j-2.13.3.jar;H:\software\repository\org\apache\logging\log4j\log4j-api\2.13.3\log4j-api-2.13.3.jar;H:\software\repository\org\slf4j\jul-to-slf4j\1.7.30\jul-to-slf4j-1.7.30.jar;H:\software\repository\jakarta\annotation\jakarta.annotation-api\1.3.5\jakarta.annotation-api-1.3.5.jar;H:\software\repository\org\yaml\snakeyaml\1.26\snakeyaml-1.26.jar;H:\software\repository\org\springframework\boot\spring-boot-starter-json\2.3.4.RELEASE\spring-boot-starter-json-2.3.4.RELEASE.jar;H:\software\repository\com\fasterxml\jackson\core\jackson-databind\2.11.2\jackson-databind-2.11.2.jar;H:\software\repository\com\fasterxml\jackson\core\jackson-annotations\2.11.2\jackson-annotations-2.11.2.jar;H:\software\repository\com\fasterxml\jackson\core\jackson-core\2.11.2\jackson-core-2.11.2.jar;H:\software\repository\com\fasterxml\jackson\datatype\jackson-datatype-jdk8\2.11.2\jackson-datatype-jdk8-2.11.2.jar;H:\software\repository\com\fasterxml\jackson\datatype\jackson-datatype-jsr310\2.11.2\jackson-datatype-jsr310-2.11.2.jar;H:\software\repository\com\fasterxml\jackson\module\jackson-module-parameter-names\2.11.2\jackson-module-parameter-names-2.11.2.jar;H:\software\repository\org\springframework\boot\spring-boot-starter-tomcat\2.3.4.RELEASE\spring-boot-starter-tomcat-2.3.4.RELEASE.jar;H:\software\repository\org\apache\tomcat\embed\tomcat-embed-core\9.0.38\tomcat-embed-core-9.0.38.jar;H:\software\repository\org\glassfish\jakarta.el\3.0.3\jakarta.el-3.0.3.jar;H:\software\repository\org\apache\tomcat\embed\tomcat-embed-websocket\9.0.38\tomcat-embed-websocket-9.0.38.jar;H:\software\repository\org\springframework\spring-web\5.2.9.RELEASE\spring-web-5.2.9.RELEASE.jar;H:\software\repository\org\springframework\spring-beans\5.2.9.RELEASE\spring-beans-5.2.9.RELEASE.jar;H:\software\repository\org\springframework\spring-webmvc\5.2.9.RELEASE\spring-webmvc-5.2.9.RELEASE.jar;H:\software\repository\org\springframework\spring-aop\5.2.9.RELEASE\spring-aop-5.2.9.RELEASE.jar;H:\software\repository\org\springframework\spring-context\5.2.9.RELEASE\spring-context-5.2.9.RELEASE.jar;H:\software\repository\org\springframework\spring-expression\5.2.9.RELEASE\spring-expression-5.2.9.RELEASE.jar;H:\software\repository\org\springframework\boot\spring-boot-starter-test\2.3.4.RELEASE\spring-boot-starter-test-2.3.4.RELEASE.jar;H:\software\repository\org\springframework\boot\spring-boot-test\2.3.4.RELEASE\spring-boot-test-2.3.4.RELEASE.jar;H:\software\repository\org\springframework\boot\spring-boot-test-autoconfigure\2.3.4.RELEASE\spring-boot-test-autoconfigure-2.3.4.RELEASE.jar;H:\software\repository\com\jayway\jsonpath\json-path\2.4.0\json-path-2.4.0.jar;H:\software\repository\net\minidev\json-smart\2.3\json-smart-2.3.jar;H:\software\repository\net\minidev\accessors-smart\1.2\accessors-smart-1.2.jar;H:\software\repository\org\ow2\asm\asm\5.0.4\asm-5.0.4.jar;H:\software\repository\org\slf4j\slf4j-api\1.7.30\slf4j-api-1.7.30.jar;H:\software\repository\jakarta\xml\bind\jakarta.xml.bind-api\2.3.3\jakarta.xml.bind-api-2.3.3.jar;H:\software\repository\jakarta\activation\jakarta.activation-api\1.2.2\jakarta.activation-api-1.2.2.jar;H:\software\repository\org\assertj\assertj-core\3.16.1\assertj-core-3.16.1.jar;H:\software\repository\org\hamcrest\hamcrest\2.2\hamcrest-2.2.jar;H:\software\repository\org\junit\jupiter\junit-jupiter\5.6.2\junit-jupiter-5.6.2.jar;H:\software\repository\org\junit\jupiter\junit-jupiter-api\5.6.2\junit-jupiter-api-5.6.2.jar;H:\software\repository\org\opentest4j\opentest4j\1.2.0\opentest4j-1.2.0.jar;H:\software\repository\org\junit\platform\junit-platform-commons\1.6.2\junit-platform-commons-1.6.2.jar;H:\software\repository\org\junit\jupiter\junit-jupiter-params\5.6.2\junit-jupiter-params-5.6.2.jar;H:\software\repository\org\junit\jupiter\junit-jupiter-engine\5.6.2\junit-jupiter-engine-5.6.2.jar;H:\software\repository\org\junit\vintage\junit-vintage-engine\5.6.2\junit-vintage-engine-5.6.2.jar;H:\software\repository\org\apiguardian\apiguardian-api\1.1.0\apiguardian-api-1.1.0.jar;H:\software\repository\org\junit\platform\junit-platform-engine\1.6.2\junit-platform-engine-1.6.2.jar;H:\software\repository\junit\junit\4.13\junit-4.13.jar;H:\software\repository\org\mockito\mockito-core\3.3.3\mockito-core-3.3.3.jar;H:\software\repository\net\bytebuddy\byte-buddy\1.10.14\byte-buddy-1.10.14.jar;H:\software\repository\net\bytebuddy\byte-buddy-agent\1.10.14\byte-buddy-agent-1.10.14.jar;H:\software\repository\org\objenesis\objenesis\2.6\objenesis-2.6.jar;H:\software\repository\org\mockito\mockito-junit-jupiter\3.3.3\mockito-junit-jupiter-3.3.3.jar;H:\software\repository\org\skyscreamer\jsonassert\1.5.0\jsonassert-1.5.0.jar;H:\software\repository\com\vaadin\external\google\android-json\0.0.20131108.vaadin1\android-json-0.0.20131108.vaadin1.jar;H:\software\repository\org\springframework\spring-core\5.2.9.RELEASE\spring-core-5.2.9.RELEASE.jar;H:\software\repository\org\springframework\spring-jcl\5.2.9.RELEASE\spring-jcl-5.2.9.RELEASE.jar;H:\software\repository\org\springframework\spring-test\5.2.9.RELEASE\spring-test-5.2.9.RELEASE.jar;H:\software\repository\org\xmlunit\xmlunit-core\2.7.0\xmlunit-core-2.7.0.jar;H:\software\repository\com\mashibing\user_defined_springioc\1.0-SNAPSHOT\user_defined_springioc-1.0-SNAPSHOT.jar;H:\software\repository\org\dom4j\dom4j\2.1.3\dom4j-2.1.3.jar;"/>
    <property name="java.vm.vendor" value="Oracle Corporation"/>
    <property name="sun.arch.data.model" value="64"/>
    <property name="user.variant" value=""/>
    <property name="java.vendor.url" value="http://java.oracle.com/"/>
    <property name="user.timezone" value="Asia/Shanghai"/>
    <property name="java.vm.specification.version" value="11"/>
    <property name="os.name" value="Windows 10"/>
    <property name="sun.java.launcher" value="SUN_STANDARD"/>
    <property name="user.country" value="CN"/>
    <property name="sun.boot.library.path" value="D:\Program Files\Java\jdk-11.0.2\bin"/>
    <property name="sun.java.command" value="C:\Users\86187\AppData\Local\Temp\surefire3666810049317584173\surefirebooter3948938189224309761.jar C:\Users\86187\AppData\Local\Temp\surefire3666810049317584173 2022-10-28T21-30-44_877-jvmRun1 surefire16624631270215294880tmp surefire_04094367775484896818tmp"/>
    <property name="jdk.debug" value="release"/>
    <property name="surefire.test.class.path" value="I:\MSB\msb_work\frame_design_pattern\spring_design_pattern\target\test-classes;I:\MSB\msb_work\frame_design_pattern\spring_design_pattern\target\classes;H:\software\repository\org\springframework\boot\spring-boot-starter-web\2.3.4.RELEASE\spring-boot-starter-web-2.3.4.RELEASE.jar;H:\software\repository\org\springframework\boot\spring-boot-starter\2.3.4.RELEASE\spring-boot-starter-2.3.4.RELEASE.jar;H:\software\repository\org\springframework\boot\spring-boot\2.3.4.RELEASE\spring-boot-2.3.4.RELEASE.jar;H:\software\repository\org\springframework\boot\spring-boot-autoconfigure\2.3.4.RELEASE\spring-boot-autoconfigure-2.3.4.RELEASE.jar;H:\software\repository\org\springframework\boot\spring-boot-starter-logging\2.3.4.RELEASE\spring-boot-starter-logging-2.3.4.RELEASE.jar;H:\software\repository\ch\qos\logback\logback-classic\1.2.3\logback-classic-1.2.3.jar;H:\software\repository\ch\qos\logback\logback-core\1.2.3\logback-core-1.2.3.jar;H:\software\repository\org\apache\logging\log4j\log4j-to-slf4j\2.13.3\log4j-to-slf4j-2.13.3.jar;H:\software\repository\org\apache\logging\log4j\log4j-api\2.13.3\log4j-api-2.13.3.jar;H:\software\repository\org\slf4j\jul-to-slf4j\1.7.30\jul-to-slf4j-1.7.30.jar;H:\software\repository\jakarta\annotation\jakarta.annotation-api\1.3.5\jakarta.annotation-api-1.3.5.jar;H:\software\repository\org\yaml\snakeyaml\1.26\snakeyaml-1.26.jar;H:\software\repository\org\springframework\boot\spring-boot-starter-json\2.3.4.RELEASE\spring-boot-starter-json-2.3.4.RELEASE.jar;H:\software\repository\com\fasterxml\jackson\core\jackson-databind\2.11.2\jackson-databind-2.11.2.jar;H:\software\repository\com\fasterxml\jackson\core\jackson-annotations\2.11.2\jackson-annotations-2.11.2.jar;H:\software\repository\com\fasterxml\jackson\core\jackson-core\2.11.2\jackson-core-2.11.2.jar;H:\software\repository\com\fasterxml\jackson\datatype\jackson-datatype-jdk8\2.11.2\jackson-datatype-jdk8-2.11.2.jar;H:\software\repository\com\fasterxml\jackson\datatype\jackson-datatype-jsr310\2.11.2\jackson-datatype-jsr310-2.11.2.jar;H:\software\repository\com\fasterxml\jackson\module\jackson-module-parameter-names\2.11.2\jackson-module-parameter-names-2.11.2.jar;H:\software\repository\org\springframework\boot\spring-boot-starter-tomcat\2.3.4.RELEASE\spring-boot-starter-tomcat-2.3.4.RELEASE.jar;H:\software\repository\org\apache\tomcat\embed\tomcat-embed-core\9.0.38\tomcat-embed-core-9.0.38.jar;H:\software\repository\org\glassfish\jakarta.el\3.0.3\jakarta.el-3.0.3.jar;H:\software\repository\org\apache\tomcat\embed\tomcat-embed-websocket\9.0.38\tomcat-embed-websocket-9.0.38.jar;H:\software\repository\org\springframework\spring-web\5.2.9.RELEASE\spring-web-5.2.9.RELEASE.jar;H:\software\repository\org\springframework\spring-beans\5.2.9.RELEASE\spring-beans-5.2.9.RELEASE.jar;H:\software\repository\org\springframework\spring-webmvc\5.2.9.RELEASE\spring-webmvc-5.2.9.RELEASE.jar;H:\software\repository\org\springframework\spring-aop\5.2.9.RELEASE\spring-aop-5.2.9.RELEASE.jar;H:\software\repository\org\springframework\spring-context\5.2.9.RELEASE\spring-context-5.2.9.RELEASE.jar;H:\software\repository\org\springframework\spring-expression\5.2.9.RELEASE\spring-expression-5.2.9.RELEASE.jar;H:\software\repository\org\springframework\boot\spring-boot-starter-test\2.3.4.RELEASE\spring-boot-starter-test-2.3.4.RELEASE.jar;H:\software\repository\org\springframework\boot\spring-boot-test\2.3.4.RELEASE\spring-boot-test-2.3.4.RELEASE.jar;H:\software\repository\org\springframework\boot\spring-boot-test-autoconfigure\2.3.4.RELEASE\spring-boot-test-autoconfigure-2.3.4.RELEASE.jar;H:\software\repository\com\jayway\jsonpath\json-path\2.4.0\json-path-2.4.0.jar;H:\software\repository\net\minidev\json-smart\2.3\json-smart-2.3.jar;H:\software\repository\net\minidev\accessors-smart\1.2\accessors-smart-1.2.jar;H:\software\repository\org\ow2\asm\asm\5.0.4\asm-5.0.4.jar;H:\software\repository\org\slf4j\slf4j-api\1.7.30\slf4j-api-1.7.30.jar;H:\software\repository\jakarta\xml\bind\jakarta.xml.bind-api\2.3.3\jakarta.xml.bind-api-2.3.3.jar;H:\software\repository\jakarta\activation\jakarta.activation-api\1.2.2\jakarta.activation-api-1.2.2.jar;H:\software\repository\org\assertj\assertj-core\3.16.1\assertj-core-3.16.1.jar;H:\software\repository\org\hamcrest\hamcrest\2.2\hamcrest-2.2.jar;H:\software\repository\org\junit\jupiter\junit-jupiter\5.6.2\junit-jupiter-5.6.2.jar;H:\software\repository\org\junit\jupiter\junit-jupiter-api\5.6.2\junit-jupiter-api-5.6.2.jar;H:\software\repository\org\opentest4j\opentest4j\1.2.0\opentest4j-1.2.0.jar;H:\software\repository\org\junit\platform\junit-platform-commons\1.6.2\junit-platform-commons-1.6.2.jar;H:\software\repository\org\junit\jupiter\junit-jupiter-params\5.6.2\junit-jupiter-params-5.6.2.jar;H:\software\repository\org\junit\jupiter\junit-jupiter-engine\5.6.2\junit-jupiter-engine-5.6.2.jar;H:\software\repository\org\junit\vintage\junit-vintage-engine\5.6.2\junit-vintage-engine-5.6.2.jar;H:\software\repository\org\apiguardian\apiguardian-api\1.1.0\apiguardian-api-1.1.0.jar;H:\software\repository\org\junit\platform\junit-platform-engine\1.6.2\junit-platform-engine-1.6.2.jar;H:\software\repository\junit\junit\4.13\junit-4.13.jar;H:\software\repository\org\mockito\mockito-core\3.3.3\mockito-core-3.3.3.jar;H:\software\repository\net\bytebuddy\byte-buddy\1.10.14\byte-buddy-1.10.14.jar;H:\software\repository\net\bytebuddy\byte-buddy-agent\1.10.14\byte-buddy-agent-1.10.14.jar;H:\software\repository\org\objenesis\objenesis\2.6\objenesis-2.6.jar;H:\software\repository\org\mockito\mockito-junit-jupiter\3.3.3\mockito-junit-jupiter-3.3.3.jar;H:\software\repository\org\skyscreamer\jsonassert\1.5.0\jsonassert-1.5.0.jar;H:\software\repository\com\vaadin\external\google\android-json\0.0.20131108.vaadin1\android-json-0.0.20131108.vaadin1.jar;H:\software\repository\org\springframework\spring-core\5.2.9.RELEASE\spring-core-5.2.9.RELEASE.jar;H:\software\repository\org\springframework\spring-jcl\5.2.9.RELEASE\spring-jcl-5.2.9.RELEASE.jar;H:\software\repository\org\springframework\spring-test\5.2.9.RELEASE\spring-test-5.2.9.RELEASE.jar;H:\software\repository\org\xmlunit\xmlunit-core\2.7.0\xmlunit-core-2.7.0.jar;H:\software\repository\com\mashibing\user_defined_springioc\1.0-SNAPSHOT\user_defined_springioc-1.0-SNAPSHOT.jar;H:\software\repository\org\dom4j\dom4j\2.1.3\dom4j-2.1.3.jar;"/>
    <property name="sun.cpu.endian" value="little"/>
    <property name="user.home" value="C:\Users\86187"/>
    <property name="user.language" value="zh"/>
    <property name="java.specification.vendor" value="Oracle Corporation"/>
    <property name="java.version.date" value="2019-01-15"/>
    <property name="java.home" value="D:\Program Files\Java\jdk-11.0.2"/>
    <property name="file.separator" value="\"/>
    <property name="basedir" value="I:\MSB\msb_work\frame_design_pattern\spring_design_pattern"/>
    <property name="java.vm.compressedOopsMode" value="Zero based"/>
    <property name="line.separator" value="&#10;"/>
    <property name="java.specification.name" value="Java Platform API Specification"/>
    <property name="java.vm.specification.vendor" value="Oracle Corporation"/>
    <property name="java.awt.graphicsenv" value="sun.awt.Win32GraphicsEnvironment"/>
    <property name="surefire.real.class.path" value="C:\Users\86187\AppData\Local\Temp\surefire3666810049317584173\surefirebooter3948938189224309761.jar"/>
    <property name="user.script" value=""/>
    <property name="sun.management.compiler" value="HotSpot 64-Bit Tiered Compilers"/>
    <property name="java.runtime.version" value="11.0.2+9-LTS"/>
    <property name="user.name" value="86187"/>
    <property name="path.separator" value=";"/>
    <property name="os.version" value="10.0"/>
    <property name="java.runtime.name" value="Java(TM) SE Runtime Environment"/>
    <property name="file.encoding" value="GBK"/>
    <property name="java.vm.name" value="Java HotSpot(TM) 64-Bit Server VM"/>
    <property name="java.vendor.version" value="18.9"/>
    <property name="localRepository" value="H:\software\repository"/>
    <property name="java.vendor.url.bug" value="http://bugreport.java.com/bugreport/"/>
    <property name="java.io.tmpdir" value="C:\Users\86187\AppData\Local\Temp\"/>
    <property name="java.version" value="11.0.2"/>
    <property name="user.dir" value="I:\MSB\msb_work\frame_design_pattern\spring_design_pattern"/>
    <property name="os.arch" value="amd64"/>
    <property name="java.vm.specification.name" value="Java Virtual Machine Specification"/>
    <property name="java.awt.printerjob" value="sun.awt.windows.WPrinterJob"/>
    <property name="sun.os.patch.level" value=""/>
    <property name="idea.version2019.3.3" value="true"/>
    <property name="java.library.path" value="D:\Program Files\Java\jdk-11.0.2\bin;C:\WINDOWS\Sun\Java\bin;C:\WINDOWS\system32;C:\WINDOWS;H:\base_work\spring-source-code\gradle_repository;D:\Program Files\Java\jdk-11.0.2\bin;H:\software\maven\apache-maven-3.6.3\bin;C:\WINDOWS\system32;C:\WINDOWS;C:\WINDOWS\System32\Wbem;C:\WINDOWS\System32\WindowsPowerShell\v1.0\;C:\WINDOWS\System32\OpenSSH\;D:\Program Files\MySQL\MySQL Server 5.5\bin;E:\Hadoop\hadoop-2.7.2\bin;E:\scala\bin;E:\package\Git\bin;C:\Program Files\MySQL\MySQL Server 5.7\bin;H:\software\nodejs\;H:\software\nodejs_package\npm_modules;E:\package\MongoDB\Server\4.2\bin;H:\base_work\spring-source-code\gradle-5.6.3-bin\gradle-5.6.3\bin;E:\package\Microsoft VS Code\bin;H:\spikeCong\C\mingw\MinGW\bin;D:\package\Git\cmd;D:\package\OpenSSL-Win64/bin;e:\Anaconda3;e:\Anaconda3\Library\mingw-w64\bin;e:\Anaconda3\Library\usr\bin;e:\Anaconda3\Library\bin;e:\Anaconda3\Scripts;C:\Users\86187\AppData\Local\Microsoft\WindowsApps;C:\Users\86187\AppData\Roaming\npm;H:\spikeCong\C\mingw\MinGW\bin;;."/>
    <property name="java.vendor" value="Oracle Corporation"/>
    <property name="java.vm.info" value="mixed mode"/>
    <property name="java.vm.version" value="11.0.2+9-LTS"/>
    <property name="sun.io.unicode.encoding" value="UnicodeLittle"/>
    <property name="java.class.version" value="55.0"/>
  </properties>
  <testcase name="contextLoads" classname="com.mashibing.spring_design_pattern.SpringDesignPatternApplicationTests" time="0.858"/>
</testsuite>